'use strict';

const util = require('../lib/util');
const lang = require('../lang');

module.exports = {
  up: (queryInterface, Sequelize) => {
    let fields = {
      id         : util.pk,
      idDenuncia : {
        type      : Sequelize.DataTypes.UUID,
        allowNull : false,
        xlabel    : lang.t('fields.idDenuncia'),
        field     : 'id_denuncia'
      },
      idEntidad: {
        type      : Sequelize.DataTypes.UUID,
        allowNull : false,
        xlabel    : lang.t('fields.idEntidad'),
        field     : 'id_entidad'
      }
    };

    // Agregando campos para el log
    fields = util.setTimestamps(fields);

    return queryInterface.createTable('denuncia_entidad', fields, {
      paranoid   : false,
      timestamps : false,
      tableName  : 'denuncia_entidad'
    });
  }
};
