'use strict';

const util = require('../lib/util');
const lang = require('../lang');

module.exports = {
  up: (queryInterface, Sequelize) => {
    let fields = {
      id         : util.pk,
      idDenuncia : {
        type      : Sequelize.DataTypes.UUID,
        allowNull : false,
        xlabel    : lang.t('fields.idDenuncia'),
        field     : 'id_denuncia'
      },
      idDelitoPrecedente: {
        type      : Sequelize.DataTypes.UUID,
        allowNull : false,
        xlabel    : lang.t('fields.idDelitoPrecedente'),
        field     : 'id_delito_precedente'
      },
      observacion: {
        type      : Sequelize.DataTypes.TEXT,
        allowNull : true,
        xlabel    : lang.t('fields.observacion'),
        field     : 'observacion'
      }
    };

    // Agregando campos para el log
    fields = util.setTimestamps(fields);

    return queryInterface.createTable('delito_precedente', fields, {
      paranoid   : false,
      timestamps : false,
      tableName  : 'delito_precedente'
    });
  }
};
